Configuring authenticate-oauth-1.5.1.2...
Building authenticate-oauth-1.5.1.2...
Preprocessing library authenticate-oauth-1.5.1.2...
[1 of 2] Compiling Web.Authenticate.OAuth ( Web/Authenticate/OAuth.hs, .stack-work/dist/x86_64-osx/Cabal-1.22.5.0/build/Web/Authenticate/OAuth.o )

Web/Authenticate/OAuth.hs:44:1: Warning:
    The import of ‘PublicKey’
    from module ‘Crypto.Types.PubKey.RSA’ is redundant

Web/Authenticate/OAuth.hs:316:24: Warning:
    In the use of ‘parseUrl’
    (imported from Network.HTTP.Client, but defined in http-client-0.5.6.1:Network.HTTP.Client.Request):
    Deprecated: "Please use parseUrlThrow, parseRequest, or parseRequest_ instead"

Web/Authenticate/OAuth.hs:393:34: Warning:
    In the use of ‘parseUrl’
    (imported from Network.HTTP.Client, but defined in http-client-0.5.6.1:Network.HTTP.Client.Request):
    Deprecated: "Please use parseUrlThrow, parseRequest, or parseRequest_ instead"

Web/Authenticate/OAuth.hs:523:1: Warning:
    Pattern match(es) are non-exhaustive
    In an equation for ‘toBS’: Patterns not matched: RequestBodyIO _
[2 of 2] Compiling Web.Authenticate.OAuth.IO ( Web/Authenticate/OAuth/IO.hs, .stack-work/dist/x86_64-osx/Cabal-1.22.5.0/build/Web/Authenticate/OAuth/IO.o )

Web/Authenticate/OAuth/IO.hs:35:35: Warning:
    In the use of ‘withManager’
    (imported from Network.HTTP.Client, but defined in http-client-0.5.6.1:Network.HTTP.Client.Manager):
    Deprecated: "Use newManager instead"

Web/Authenticate/OAuth/IO.hs:43:12: Warning:
    In the use of ‘withManager’
    (imported from Network.HTTP.Client, but defined in http-client-0.5.6.1:Network.HTTP.Client.Manager):
    Deprecated: "Use newManager instead"

Web/Authenticate/OAuth/IO.hs:51:45: Warning:
    In the use of ‘withManager’
    (imported from Network.HTTP.Client, but defined in http-client-0.5.6.1:Network.HTTP.Client.Manager):
    Deprecated: "Use newManager instead"

Web/Authenticate/OAuth/IO.hs:57:44: Warning:
    In the use of ‘withManager’
    (imported from Network.HTTP.Client, but defined in http-client-0.5.6.1:Network.HTTP.Client.Manager):
    Deprecated: "Use newManager instead"

Web/Authenticate/OAuth/IO.hs:66:33: Warning:
    In the use of ‘withManager’
    (imported from Network.HTTP.Client, but defined in http-client-0.5.6.1:Network.HTTP.Client.Manager):
    Deprecated: "Use newManager instead"

Web/Authenticate/OAuth/IO.hs:75:40: Warning:
    In the use of ‘withManager’
    (imported from Network.HTTP.Client, but defined in http-client-0.5.6.1:Network.HTTP.Client.Manager):
    Deprecated: "Use newManager instead"

Web/Authenticate/OAuth/IO.hs:82:39: Warning:
    In the use of ‘withManager’
    (imported from Network.HTTP.Client, but defined in http-client-0.5.6.1:Network.HTTP.Client.Manager):
    Deprecated: "Use newManager instead"
In-place registering authenticate-oauth-1.5.1.2...
Installing library in
/Users/lizziesiegle/Desktop/programming/hask/stockbot/.stack-work/install/x86_64-osx/lts-6.31/7.10.3/lib/x86_64-osx-ghc-7.10.3/authenticate-oauth-1.5.1.2-17JCsFZPvJS1fz3fivZX6U
Registering authenticate-oauth-1.5.1.2...
