Configuring binary-0.7.6.1...
Building binary-0.7.6.1...
Preprocessing library binary-0.7.6.1...
[1 of 9] Compiling Data.Binary.Get.Internal ( src/Data/Binary/Get/Internal.hs, .stack-work/dist/x86_64-osx/Cabal-1.24.2.0/build/Data/Binary/Get/Internal.o )

src/Data/Binary/Get/Internal.hs:383:1: warning: [-Winline-rule-shadowing]
    Rule "<$> to <*>" may never fire because ‘<$>’ might inline first
    Probable fix: add an INLINE[n] or NOINLINE[n] pragma for ‘<$>’

src/Data/Binary/Get/Internal.hs:417:21: warning: [-Wdeprecations]
    In the use of ‘inlinePerformIO’
    (imported from Data.ByteString.Internal):
    Deprecated: "If you think you know what you are doing, use 'unsafePerformIO'. If you are sure you know what you are doing, use 'unsafeDupablePerformIO'. If you enjoy sharing an address space with a malevolent agent of chaos, try 'accursedUnutterablePerformIO'."
[2 of 9] Compiling Data.Binary.Get  ( src/Data/Binary/Get.hs, .stack-work/dist/x86_64-osx/Cabal-1.24.2.0/build/Data/Binary/Get.o )

src/Data/Binary/Get.hs:416:1: warning: [-Winline-rule-shadowing]
    Rule "getWord8/readN" may never fire
      because ‘getWord8’ might inline first
    Probable fix: add an INLINE[n] or NOINLINE[n] pragma for ‘getWord8’

src/Data/Binary/Get.hs:417:1: warning: [-Winline-rule-shadowing]
    Rule "getWord16be/readN" may never fire
      because ‘getWord16be’ might inline first
    Probable fix: add an INLINE[n] or NOINLINE[n] pragma for ‘getWord16be’

src/Data/Binary/Get.hs:418:1: warning: [-Winline-rule-shadowing]
    Rule "getWord16le/readN" may never fire
      because ‘getWord16le’ might inline first
    Probable fix: add an INLINE[n] or NOINLINE[n] pragma for ‘getWord16le’

src/Data/Binary/Get.hs:419:1: warning: [-Winline-rule-shadowing]
    Rule "getWord32be/readN" may never fire
      because ‘getWord32be’ might inline first
    Probable fix: add an INLINE[n] or NOINLINE[n] pragma for ‘getWord32be’

src/Data/Binary/Get.hs:420:1: warning: [-Winline-rule-shadowing]
    Rule "getWord32le/readN" may never fire
      because ‘getWord32le’ might inline first
    Probable fix: add an INLINE[n] or NOINLINE[n] pragma for ‘getWord32le’

src/Data/Binary/Get.hs:421:1: warning: [-Winline-rule-shadowing]
    Rule "getWord64be/readN" may never fire
      because ‘getWord64be’ might inline first
    Probable fix: add an INLINE[n] or NOINLINE[n] pragma for ‘getWord64be’

src/Data/Binary/Get.hs:422:1: warning: [-Winline-rule-shadowing]
    Rule "getWord64le/readN" may never fire
      because ‘getWord64le’ might inline first
    Probable fix: add an INLINE[n] or NOINLINE[n] pragma for ‘getWord64le’
[3 of 9] Compiling Data.Binary.Builder.Base ( src/Data/Binary/Builder/Base.hs, .stack-work/dist/x86_64-osx/Cabal-1.24.2.0/build/Data/Binary/Builder/Base.o )

src/Data/Binary/Builder/Base.hs:193:37: warning: [-Wdeprecations]
    In the use of ‘inlinePerformIO’
    (imported from Data.ByteString.Internal):
    Deprecated: "If you think you know what you are doing, use 'unsafePerformIO'. If you are sure you know what you are doing, use 'unsafeDupablePerformIO'. If you enjoy sharing an address space with a malevolent agent of chaos, try 'accursedUnutterablePerformIO'."

src/Data/Binary/Builder/Base.hs:511:1: warning: [-Winline-rule-shadowing]
    Rule "flush/flush" may never fire
      because ‘flush’ might inline first
    Probable fix: add an INLINE[n] or NOINLINE[n] pragma for ‘flush’
[4 of 9] Compiling Data.Binary.Builder.Internal ( src/Data/Binary/Builder/Internal.hs, .stack-work/dist/x86_64-osx/Cabal-1.24.2.0/build/Data/Binary/Builder/Internal.o )
[5 of 9] Compiling Data.Binary.Builder ( src/Data/Binary/Builder.hs, .stack-work/dist/x86_64-osx/Cabal-1.24.2.0/build/Data/Binary/Builder.o )
[6 of 9] Compiling Data.Binary.Put  ( src/Data/Binary/Put.hs, .stack-work/dist/x86_64-osx/Cabal-1.24.2.0/build/Data/Binary/Put.o )
[7 of 9] Compiling Data.Binary.Class ( src/Data/Binary/Class.hs, .stack-work/dist/x86_64-osx/Cabal-1.24.2.0/build/Data/Binary/Class.o )
[8 of 9] Compiling Data.Binary.Generic ( src/Data/Binary/Generic.hs, .stack-work/dist/x86_64-osx/Cabal-1.24.2.0/build/Data/Binary/Generic.o )
[9 of 9] Compiling Data.Binary      ( src/Data/Binary.hs, .stack-work/dist/x86_64-osx/Cabal-1.24.2.0/build/Data/Binary.o )
Installing library in
/Users/lizziesiegle/Desktop/programming/hask/stockbot/.stack-work/install/x86_64-osx/nightly-2017-04-21/8.0.2/lib/x86_64-osx-ghc-8.0.2/binary-0.7.6.1-A5o7SPwyA2mJ8cbNniVomK
Registering binary-0.7.6.1...
