Configuring mmorph-1.0.9...
Building mmorph-1.0.9...
Preprocessing library mmorph-1.0.9...
[1 of 2] Compiling Control.Monad.Morph ( src/Control/Monad/Morph.hs, .stack-work/dist/x86_64-osx/Cabal-1.24.2.0/build/Control/Monad/Morph.o )

src/Control/Monad/Morph.hs:76:1: warning: [-Wdeprecations]
    Module ‘Control.Monad.Trans.Error’ is deprecated:
      Use Control.Monad.Trans.Except instead

src/Control/Monad/Morph.hs:112:20: warning: [-Wdeprecations]
    In the use of type constructor or class ‘ErrorT’
    (imported from Control.Monad.Trans.Error):
    Deprecated: "Use Control.Monad.Trans.Except instead"

src/Control/Monad/Morph.hs:113:19: warning: [-Wdeprecations]
    In the use of data constructor ‘ErrorT’
    (imported from Control.Monad.Trans.Error):
    Deprecated: "Use Control.Monad.Trans.Except instead"

src/Control/Monad/Morph.hs:113:34: warning: [-Wdeprecations]
    In the use of ‘runErrorT’
    (imported from Control.Monad.Trans.Error):
    Deprecated: "Use Control.Monad.Trans.Except instead"

src/Control/Monad/Morph.hs:233:11: warning: [-Wdeprecations]
    In the use of type constructor or class ‘Error’
    (imported from Control.Monad.Trans.Error):
    Deprecated: "Use Control.Monad.Trans.Except instead"

src/Control/Monad/Morph.hs:233:33: warning: [-Wdeprecations]
    In the use of type constructor or class ‘ErrorT’
    (imported from Control.Monad.Trans.Error):
    Deprecated: "Use Control.Monad.Trans.Except instead"

src/Control/Monad/Morph.hs:234:17: warning: [-Wdeprecations]
    In the use of data constructor ‘ErrorT’
    (imported from Control.Monad.Trans.Error):
    Deprecated: "Use Control.Monad.Trans.Except instead"

src/Control/Monad/Morph.hs:235:14: warning: [-Wdeprecations]
    In the use of ‘runErrorT’
    (imported from Control.Monad.Trans.Error):
    Deprecated: "Use Control.Monad.Trans.Except instead"

src/Control/Monad/Morph.hs:235:30: warning: [-Wdeprecations]
    In the use of ‘runErrorT’
    (imported from Control.Monad.Trans.Error):
    Deprecated: "Use Control.Monad.Trans.Except instead"
[2 of 2] Compiling Control.Monad.Trans.Compose ( src/Control/Monad/Trans/Compose.hs, .stack-work/dist/x86_64-osx/Cabal-1.24.2.0/build/Control/Monad/Trans/Compose.o )
Installing library in
/Users/lizziesiegle/.stack/snapshots/x86_64-osx/nightly-2017-04-21/8.0.2/lib/x86_64-osx-ghc-8.0.2/mmorph-1.0.9-5bASEvmIkr5CpdAYXwPsn0
Registering mmorph-1.0.9...
