Configuring x509-system-1.6.4...
Building x509-system-1.6.4...
Preprocessing library x509-system-1.6.4...
[1 of 3] Compiling System.X509.Unix ( System/X509/Unix.hs, .stack-work/dist/x86_64-osx/Cabal-1.22.5.0/build/System/X509/Unix.o )

System/X509/Unix.hs:22:1: Warning:
    The import of ‘Control.Applicative’ is redundant
      except perhaps to import instances from ‘Control.Applicative’
    To import instances alone, use: import Control.Applicative()

System/X509/Unix.hs:26:1: Warning:
    The import of ‘Data.Monoid’ is redundant
      except perhaps to import instances from ‘Data.Monoid’
    To import instances alone, use: import Data.Monoid()
[2 of 3] Compiling System.X509.MacOS ( System/X509/MacOS.hs, .stack-work/dist/x86_64-osx/Cabal-1.22.5.0/build/System/X509/MacOS.o )

System/X509/MacOS.hs:2:1: Warning: Tab character

System/X509/MacOS.hs:3:1: Warning: Tab character

System/X509/MacOS.hs:8:1: Warning:
    The import of ‘Control.Applicative’ is redundant
      except perhaps to import instances from ‘Control.Applicative’
    To import instances alone, use: import Control.Applicative()
[3 of 3] Compiling System.X509      ( System/X509.hs, .stack-work/dist/x86_64-osx/Cabal-1.22.5.0/build/System/X509.o )

System/X509.hs:10:1: Warning: Tab character

System/X509.hs:11:1: Warning: Tab character
In-place registering x509-system-1.6.4...
Installing library in
/Users/lizziesiegle/Desktop/programming/hask/stockbot/.stack-work/install/x86_64-osx/lts-6.31/7.10.3/lib/x86_64-osx-ghc-7.10.3/x509-system-1.6.4-6yZobydDfSV5mOzE7tW8FR
Registering x509-system-1.6.4...
